# JRE version: OpenJDK Runtime Environment (17.0.6) (build 17.0.6+0-b2043.56-9586694)
# Java VM: OpenJDK 64-Bit Server VM (17.0.6+0-b2043.56-9586694, mixed mode, tiered, compressed oops, compressed class ptrs, g1 gc, windows-amd64)
GC Precious Log:
 CPUs: 8 total, 8 available
 Memory: 16262M
 Large Page Support: Disabled
 NUMA Support: Disabled
 Compressed Oops: Enabled (32-bit)
 Heap Region Size: 1M
 Heap Min Capacity: 8M
 Heap Initial Capacity: 256M
 Heap Max Capacity: 2G
 Pre-touch: Disabled
 Parallel Workers: 8
 Concurrent Workers: 2
 Concurrent Refinement Workers: 8
 Periodic GC: Disabled
Heap:
 garbage-first heap   total 408576K, used 209490K [0x0000000080000000, 0x0000000100000000)
  region size 1024K, 101 young (103424K), 10 survivors (10240K)
 Metaspace       used 55974K, committed 56576K, reserved 1097728K
  class space    used 7204K, committed 7424K, reserved 1048576K
GC Heap History (20 events):
Event: 22.086 GC heap before
{Heap before GC invocations=77 (full 0):
 garbage-first heap   total 408576K, used 347175K [0x0000000080000000, 0x0000000100000000)
  region size 1024K, 239 young (244736K), 8 survivors (8192K)
 Metaspace       used 51573K, committed 52160K, reserved 1097728K
  class space    used 6663K, committed 6912K, reserved 1048576K
}
Event: 22.090 GC heap after
{Heap after GC invocations=78 (full 0):
 garbage-first heap   total 408576K, used 110588K [0x0000000080000000, 0x0000000100000000)
  region size 1024K, 8 young (8192K), 8 survivors (8192K)
 Metaspace       used 51573K, committed 52160K, reserved 1097728K
  class space    used 6663K, committed 6912K, reserved 1048576K
}
Event: 22.733 GC heap before
{Heap before GC invocations=78 (full 0):
 garbage-first heap   total 408576K, used 347132K [0x0000000080000000, 0x0000000100000000)
  region size 1024K, 239 young (244736K), 8 survivors (8192K)
 Metaspace       used 51594K, committed 52160K, reserved 1097728K
  class space    used 6663K, committed 6912K, reserved 1048576K
}
Event: 22.738 GC heap after
{Heap after GC invocations=79 (full 0):
 garbage-first heap   total 408576K, used 111293K [0x0000000080000000, 0x0000000100000000)
  region size 1024K, 8 young (8192K), 8 survivors (8192K)
 Metaspace       used 51594K, committed 52160K, reserved 1097728K
  class space    used 6663K, committed 6912K, reserved 1048576K
}
Event: 23.318 GC heap before
{Heap before GC invocations=79 (full 0):
 garbage-first heap   total 408576K, used 347837K [0x0000000080000000, 0x0000000100000000)
  region size 1024K, 239 young (244736K), 8 survivors (8192K)
 Metaspace       used 51597K, committed 52160K, reserved 1097728K
  class space    used 6663K, committed 6912K, reserved 1048576K
}
Event: 23.323 GC heap after
{Heap after GC invocations=80 (full 0):
 garbage-first heap   total 408576K, used 112282K [0x0000000080000000, 0x0000000100000000)
  region size 1024K, 8 young (8192K), 8 survivors (8192K)
 Metaspace       used 51597K, committed 52160K, reserved 1097728K
  class space    used 6663K, committed 6912K, reserved 1048576K
}
Event: 24.049 GC heap before
{Heap before GC invocations=80 (full 0):
 garbage-first heap   total 408576K, used 348826K [0x0000000080000000, 0x0000000100000000)
  region size 1024K, 239 young (244736K), 8 survivors (8192K)
 Metaspace       used 51598K, committed 52160K, reserved 1097728K
  class space    used 6663K, committed 6912K, reserved 1048576K
}
Event: 24.055 GC heap after
{Heap after GC invocations=81 (full 0):
 garbage-first heap   total 408576K, used 113309K [0x0000000080000000, 0x0000000100000000)
  region size 1024K, 9 young (9216K), 9 survivors (9216K)
 Metaspace       used 51598K, committed 52160K, reserved 1097728K
  class space    used 6663K, committed 6912K, reserved 1048576K
}
Event: 24.779 GC heap before
{Heap before GC invocations=81 (full 0):
 garbage-first heap   total 408576K, used 348829K [0x0000000080000000, 0x0000000100000000)
  region size 1024K, 239 young (244736K), 9 survivors (9216K)
 Metaspace       used 53130K, committed 53760K, reserved 1097728K
  class space    used 6830K, committed 7104K, reserved 1048576K
}
Event: 24.786 GC heap after
{Heap after GC invocations=82 (full 0):
 garbage-first heap   total 408576K, used 115102K [0x0000000080000000, 0x0000000100000000)
  region size 1024K, 10 young (10240K), 10 survivors (10240K)
 Metaspace       used 53130K, committed 53760K, reserved 1097728K
  class space    used 6830K, committed 7104K, reserved 1048576K
}
Event: 25.474 GC heap before
{Heap before GC invocations=82 (full 0):
 garbage-first heap   total 408576K, used 349598K [0x0000000080000000, 0x0000000100000000)
  region size 1024K, 239 young (244736K), 10 survivors (10240K)
 Metaspace       used 53130K, committed 53760K, reserved 1097728K
  class space    used 6830K, committed 7104K, reserved 1048576K
}
Event: 25.481 GC heap after
{Heap after GC invocations=83 (full 0):
 garbage-first heap   total 408576K, used 115473K [0x0000000080000000, 0x0000000100000000)
  region size 1024K, 10 young (10240K), 10 survivors (10240K)
 Metaspace       used 53130K, committed 53760K, reserved 1097728K
  class space    used 6830K, committed 7104K, reserved 1048576K
}
Event: 26.538 GC heap before
{Heap before GC invocations=83 (full 0):
 garbage-first heap   total 408576K, used 349969K [0x0000000080000000, 0x0000000100000000)
  region size 1024K, 239 young (244736K), 10 survivors (10240K)
 Metaspace       used 53131K, committed 53760K, reserved 1097728K
  class space    used 6830K, committed 7104K, reserved 1048576K
}
Event: 26.546 GC heap after
{Heap after GC invocations=84 (full 0):
 garbage-first heap   total 408576K, used 116092K [0x0000000080000000, 0x0000000100000000)
  region size 1024K, 10 young (10240K), 10 survivors (10240K)
 Metaspace       used 53131K, committed 53760K, reserved 1097728K
  class space    used 6830K, committed 7104K, reserved 1048576K
}
Event: 27.328 GC heap before
{Heap before GC invocations=84 (full 0):
 garbage-first heap   total 408576K, used 350588K [0x0000000080000000, 0x0000000100000000)
  region size 1024K, 239 young (244736K), 10 survivors (10240K)
 Metaspace       used 53134K, committed 53760K, reserved 1097728K
  class space    used 6830K, committed 7104K, reserved 1048576K
}
Event: 27.334 GC heap after
{Heap after GC invocations=85 (full 0):
 garbage-first heap   total 408576K, used 116528K [0x0000000080000000, 0x0000000100000000)
  region size 1024K, 10 young (10240K), 10 survivors (10240K)
 Metaspace       used 53134K, committed 53760K, reserved 1097728K
  class space    used 6830K, committed 7104K, reserved 1048576K
}
Event: 27.898 GC heap before
{Heap before GC invocations=85 (full 0):
 garbage-first heap   total 408576K, used 351024K [0x0000000080000000, 0x0000000100000000)
  region size 1024K, 239 young (244736K), 10 survivors (10240K)
 Metaspace       used 53134K, committed 53760K, reserved 1097728K
  class space    used 6830K, committed 7104K, reserved 1048576K
}
Event: 27.903 GC heap after
{Heap after GC invocations=86 (full 0):
 garbage-first heap   total 408576K, used 117015K [0x0000000080000000, 0x0000000100000000)
  region size 1024K, 10 young (10240K), 10 survivors (10240K)
 Metaspace       used 53134K, committed 53760K, reserved 1097728K
  class space    used 6830K, committed 7104K, reserved 1048576K
}
Event: 28.492 GC heap before
{Heap before GC invocations=86 (full 0):
 garbage-first heap   total 408576K, used 351511K [0x0000000080000000, 0x0000000100000000)
  region size 1024K, 239 young (244736K), 10 survivors (10240K)
 Metaspace       used 53134K, committed 53760K, reserved 1097728K
  class space    used 6830K, committed 7104K, reserved 1048576K
}
Event: 28.498 GC heap after
{Heap after GC invocations=87 (full 0):
 garbage-first heap   total 408576K, used 117330K [0x0000000080000000, 0x0000000100000000)
  region size 1024K, 10 young (10240K), 10 survivors (10240K)
 Metaspace       used 53134K, committed 53760K, reserved 1097728K
  class space    used 6830K, committed 7104K, reserved 1048576K
}

